2025-08-02 19:25:00,302 - discord.client - WARNING - PyNaCl is not installed, voice will NOT be supported
2025-08-02 19:27:59,590 - discord.client - WARNING - PyNaCl is not installed, voice will NOT be supported
2025-08-02 19:34:48,378 - discord.client - WARNING - PyNaCl is not installed, voice will NOT be supported
2025-08-02 19:47:11,472 - discord.client - WARNING - PyNaCl is not installed, voice will NOT be supported
2025-08-02 19:51:08,585 - discord.client - WARNING - PyNaCl is not installed, voice will NOT be supported
2025-08-02 20:20:10,036 - discord.client - WARNING - PyNaCl is not installed, voice will NOT be supported
2025-08-02 20:22:39,425 - discord.client - WARNING - PyNaCl is not installed, voice will NOT be supported
2025-08-02 23:17:43,490 - discord.client - WARNING - PyNaCl is not installed, voice will NOT be supported
2025-08-02 23:19:30,797 - discord.client - WARNING - PyNaCl is not installed, voice will NOT be supported
2025-08-02 23:19:58,801 - discord.client - WARNING - PyNaCl is not installed, voice will NOT be supported
2025-08-02 23:21:46,547 - discord.client - WARNING - PyNaCl is not installed, voice will NOT be supported
2025-08-02 23:25:02,120 - discord.client - WARNING - PyNaCl is not installed, voice will NOT be supported
2025-08-02 23:46:54,606 - discord.client - WARNING - PyNaCl is not installed, voice will NOT be supported
2025-08-02 23:54:56,969 - discord.client - WARNING - PyNaCl is not installed, voice will NOT be supported
2025-08-02 23:56:45,753 - discord.client - WARNING - PyNaCl is not installed, voice will NOT be supported
2025-08-03 00:04:16,986 - discord.client - WARNING - PyNaCl is not installed, voice will NOT be supported
2025-08-03 00:04:16,987 - bot - INFO - Initializing TodoManager with DATA_DIR: /opt/render/project/src/data
2025-08-03 00:04:16,987 - bot - INFO - Database enabled: True
2025-08-03 00:04:16,987 - bot - INFO - Database path: /opt/render/project/src/data\todo_bot.db
2025-08-03 00:04:16,991 - bot - INFO - Initializing TodoManager with DATA_DIR: /opt/render/project/src/data
2025-08-03 00:04:16,991 - bot - INFO - Database enabled: True
2025-08-03 00:04:16,991 - bot - INFO - Database path: /opt/render/project/src/data\todo_bot.db
2025-08-03 00:04:17,001 - bot - INFO - Initializing TodoManager with DATA_DIR: /opt/render/project/src/data
2025-08-03 00:04:17,001 - bot - INFO - Database enabled: True
2025-08-03 00:04:17,001 - bot - INFO - Database path: /opt/render/project/src/data\todo_bot.db
2025-08-03 00:13:36,701 - discord.client - WARNING - PyNaCl is not installed, voice will NOT be supported
2025-08-03 00:13:36,702 - bot - INFO - Initializing TodoManager with DATA_DIR: /opt/render/project/src/data
2025-08-03 00:13:36,702 - bot - INFO - Database enabled: True
2025-08-03 00:13:36,702 - bot - INFO - Database path: /opt/render/project/src/data\todo_bot.db
2025-08-03 00:13:36,706 - bot - INFO - Initializing TodoManager with DATA_DIR: /opt/render/project/src/data
2025-08-03 00:13:36,706 - bot - INFO - Database enabled: True
2025-08-03 00:13:36,707 - bot - INFO - Database path: /opt/render/project/src/data\todo_bot.db
2025-08-03 00:13:36,719 - bot - INFO - Initializing TodoManager with DATA_DIR: /opt/render/project/src/data
2025-08-03 00:13:36,720 - bot - INFO - Database enabled: True
2025-08-03 00:13:36,720 - bot - INFO - Database path: /opt/render/project/src/data\todo_bot.db
2025-08-03 00:20:50,125 - discord.client - WARNING - PyNaCl is not installed, voice will NOT be supported
2025-08-03 00:20:50,126 - bot - INFO - Initializing TodoManager with DATA_DIR: /opt/render/project/src/data
2025-08-03 00:20:50,126 - bot - INFO - Database enabled: True
2025-08-03 00:20:50,126 - bot - INFO - Database path: /opt/render/project/src/data\todo_bot.db
2025-08-03 00:20:50,131 - bot - INFO - Initializing TodoManager with DATA_DIR: /opt/render/project/src/data
2025-08-03 00:20:50,131 - bot - INFO - Database enabled: True
2025-08-03 00:20:50,131 - bot - INFO - Database path: /opt/render/project/src/data\todo_bot.db
2025-08-03 00:20:50,144 - bot - INFO - Initializing TodoManager with DATA_DIR: /opt/render/project/src/data
2025-08-03 00:20:50,144 - bot - INFO - Database enabled: True
2025-08-03 00:20:50,144 - bot - INFO - Database path: /opt/render/project/src/data\todo_bot.db
2025-08-03 00:43:38,345 - discord.client - WARNING - PyNaCl is not installed, voice will NOT be supported
2025-08-03 00:43:38,346 - bot - INFO - Initializing TodoManager with DATA_DIR: C:\Users\quinc\AppData\Local\Temp\tmpib_dy10m
2025-08-03 00:43:38,346 - bot - INFO - Database enabled: True
2025-08-03 00:43:38,346 - bot - INFO - Database path: C:\Users\quinc\AppData\Local\Temp\tmpib_dy10m\todo_bot.db
2025-08-03 00:43:38,347 - bot - INFO - TodoManager initialized successfully. Loaded 0 lists
2025-08-03 00:51:15,697 - discord.client - WARNING - PyNaCl is not installed, voice will NOT be supported
2025-08-03 00:51:15,698 - bot - INFO - Initializing TodoManager with DATA_DIR: /opt/render/project/src/data
2025-08-03 00:51:15,699 - bot - INFO - Database enabled: True
2025-08-03 00:51:15,699 - bot - INFO - Database path: /opt/render/project/src/data\todo_bot.db
2025-08-03 00:51:15,701 - bot - INFO - TodoManager initialized successfully. Loaded 0 lists
2025-08-03 00:51:15,779 - bot - INFO - Initializing TodoManager with DATA_DIR: /opt/render/project/src/data
2025-08-03 00:51:15,779 - bot - INFO - Database enabled: True
2025-08-03 00:51:15,779 - bot - INFO - Database path: /opt/render/project/src/data\todo_bot.db
2025-08-03 00:51:15,782 - bot - INFO - TodoManager initialized successfully. Loaded 2 lists
2025-08-03 00:51:15,788 - bot - INFO - Initializing TodoManager with DATA_DIR: /opt/render/project/src/data
2025-08-03 00:51:15,788 - bot - INFO - Database enabled: True
2025-08-03 00:51:15,788 - bot - INFO - Database path: /opt/render/project/src/data\todo_bot.db
2025-08-03 00:51:15,792 - bot - INFO - TodoManager initialized successfully. Loaded 2 lists
2025-08-03 00:51:24,682 - discord.client - WARNING - PyNaCl is not installed, voice will NOT be supported
2025-08-03 00:51:24,682 - bot - INFO - Initializing TodoManager with DATA_DIR: /opt/render/project/src/data
2025-08-03 00:51:24,683 - bot - INFO - Database enabled: True
2025-08-03 00:51:24,683 - bot - INFO - Database path: /opt/render/project/src/data\todo_bot.db
2025-08-03 00:51:24,686 - bot - INFO - TodoManager initialized successfully. Loaded 0 lists
2025-08-03 00:51:24,688 - bot - INFO - Initializing TodoManager with DATA_DIR: /opt/render/project/src/data
2025-08-03 00:51:24,688 - bot - INFO - Database enabled: True
2025-08-03 00:51:24,688 - bot - INFO - Database path: /opt/render/project/src/data\todo_bot.db
2025-08-03 00:51:24,690 - bot - INFO - TodoManager initialized successfully. Loaded 0 lists
2025-08-03 00:51:24,702 - bot - INFO - Initializing TodoManager with DATA_DIR: /opt/render/project/src/data
2025-08-03 00:51:24,703 - bot - INFO - Database enabled: True
2025-08-03 00:51:24,703 - bot - INFO - Database path: /opt/render/project/src/data\todo_bot.db
2025-08-03 00:51:24,706 - bot - INFO - TodoManager initialized successfully. Loaded 0 lists
